<?xml version="1.0" encoding="UTF-8"?>
<!-- Generated by org.testng.reporters.JUnitReportReporter -->
<testsuite skipped="0" hostname="DESKTOP-BLK1O3O" name="TestScripts.test_6" tests="1" failures="0" timestamp="2023-12-26T00:28:39 IST" time="7.049" errors="0">
  <testcase name="testcase_03" time="7.049" classname="TestScripts.test_6"/>
  <system-out>
Product added to wishlist  </system-out>
</testsuite> <!-- TestScripts.test_6 -->
