<?xml version="1.0" encoding="UTF-8"?>
<!-- Generated by org.testng.reporters.JUnitReportReporter -->
<testsuite skipped="0" hostname="DESKTOP-BLK1O3O" name="TestScripts.test_4" tests="1" failures="0" timestamp="2023-12-26T00:28:39 IST" time="13.942" errors="0">
  <testcase name="testcase_03" time="13.942" classname="TestScripts.test_4"/>
  <system-out>
Product added to wishlist  </system-out>
</testsuite> <!-- TestScripts.test_4 -->
