<?xml version="1.0" encoding="UTF-8"?>
<!-- Generated by org.testng.reporters.JUnitReportReporter -->
<testsuite skipped="0" hostname="DESKTOP-BLK1O3O" name="TestScripts.test_1" tests="1" failures="0" timestamp="2023-12-26T14:42:50 IST" time="0.294" errors="0">
  <testcase name="testcase01" time="0.294" classname="TestScripts.test_1"/>
  <system-out>
Homepage is displayed  </system-out>
</testsuite> <!-- TestScripts.test_1 -->
