<?xml version="1.0" encoding="UTF-8"?>
<!-- Generated by org.testng.reporters.JUnitReportReporter -->
<testsuite skipped="0" hostname="DESKTOP-BLK1O3O" name="TestScripts.DWS_Wishlist_004_Test" tests="1" failures="0" timestamp="2024-01-09T22:48:10 IST" time="9.239" errors="0">
  <testcase name="DWS_Wishlist_004" time="9.239" classname="TestScripts.DWS_Wishlist_004_Test"/>
  <system-out>
Clicked on Apparels and Shoes Clicked on product Clicked on add to cart Clicked on Shopping cart link Clicked on Product and Description opened Product added to wishlist  </system-out>
</testsuite> <!-- TestScripts.DWS_Wishlist_004_Test -->
