<?xml version="1.0" encoding="UTF-8"?>
<!-- Generated by org.testng.reporters.JUnitReportReporter -->
<testsuite skipped="0" hostname="DESKTOP-BLK1O3O" name="TestScripts.test_7" tests="1" failures="0" timestamp="2023-12-26T00:28:39 IST" time="6.356" errors="0">
  <testcase name="testcase01" time="6.356" classname="TestScripts.test_7"/>
  <system-out>
Successfully Loggedout  </system-out>
</testsuite> <!-- TestScripts.test_7 -->
