<?xml version="1.0" encoding="UTF-8"?>
<!-- Generated by org.testng.reporters.JUnitReportReporter -->
<testsuite skipped="0" hostname="DESKTOP-BLK1O3O" name="genric_Lib.Baseclass" tests="1" failures="0" timestamp="2023-12-28T15:40:12 IST" time="8.617" errors="0">
  <testcase name="launch" time="8.617" classname="genric_Lib.Baseclass"/>
  <system-out>
Browser launched succesfully test URL is entered succesfully clicked on login link Emailid is entered Password is entered clicked on login button  </system-out>
</testsuite> <!-- genric_Lib.Baseclass -->
