<?xml version="1.0" encoding="UTF-8"?>
<!-- Generated by org.testng.reporters.JUnitReportReporter -->
<testsuite skipped="0" hostname="DESKTOP-BLK1O3O" name="TestScripts.test_5" tests="1" failures="0" timestamp="2023-12-26T00:28:39 IST" time="12.909" errors="0">
  <testcase name="testcase05" time="12.909" classname="TestScripts.test_5"/>
  <system-out>
Order is confirmed  </system-out>
</testsuite> <!-- TestScripts.test_5 -->
