<?xml version="1.0" encoding="UTF-8"?>
<!-- Generated by org.testng.reporters.JUnitReportReporter -->
<testsuite skipped="0" hostname="DESKTOP-BLK1O3O" name="TestScripts.test_3" tests="1" failures="0" timestamp="2023-12-26T00:28:39 IST" time="13.779" errors="0">
  <testcase name="test" time="13.779" classname="TestScripts.test_3"/>
  <system-out>
Product is added to cart  </system-out>
</testsuite> <!-- TestScripts.test_3 -->
