<?xml version="1.0" encoding="UTF-8"?>
<!-- Generated by org.testng.reporters.JUnitReportReporter -->
<testsuite skipped="0" hostname="DESKTOP-BLK1O3O" name="TestScripts.DWS_Orders_005_Test" tests="1" failures="0" timestamp="2023-12-27T15:18:48 IST" time="26.592" errors="0">
  <testcase name="testcase05" time="26.592" classname="TestScripts.DWS_Orders_005_Test"/>
  <system-out>
Clicked on Books link Clicked on cart Product added to Shoppingcart Clicked on Shopping cart link Terms and condn checked Clicked on checkout button Clicked on continue1 Clicked on continue2 Clicked on continue3 Clicked on continue4 Clicked on continue5 Clicked on checkout button Order is confirmed  </system-out>
</testsuite> <!-- TestScripts.DWS_Orders_005_Test -->
