<?xml version="1.0" encoding="UTF-8"?>
<!-- Generated by org.testng.reporters.JUnitReportReporter -->
<testsuite skipped="0" hostname="DESKTOP-BLK1O3O" name="TestScripts.test_2" tests="1" failures="0" timestamp="2023-12-26T00:28:39 IST" time="7.226" errors="0">
  <testcase name="test" time="7.226" classname="TestScripts.test_2"/>
  <system-out>
Product is added in to the cart  </system-out>
</testsuite> <!-- TestScripts.test_2 -->
