<?xml version="1.0" encoding="UTF-8"?>
<!-- Generated by org.testng.reporters.JUnitReportReporter -->
<testsuite skipped="0" hostname="DESKTOP-BLK1O3O" name="TestScripts.DWS_signup_001" tests="1" failures="0" timestamp="2023-12-26T15:15:17 IST" time="0.311" errors="0">
  <testcase name="DWS_signup_001" time="0.311" classname="TestScripts.DWS_signup_001"/>
  <system-out>
Homepage is displayed  </system-out>
</testsuite> <!-- TestScripts.DWS_signup_001 -->
