<?xml version="1.0" encoding="UTF-8"?>
<!-- Generated by org.testng.reporters.JUnitReportReporter -->
<testsuite skipped="0" hostname="DESKTOP-BLK1O3O" name="TestScripts.DWS_Cart_002" tests="1" failures="0" timestamp="2023-12-26T15:41:43 IST" time="2.425" errors="0">
  <testcase name="test" time="2.425" classname="TestScripts.DWS_Cart_002"/>
  <system-out>
clicked on Books link clicked on add to cart Product is added in to the cart  </system-out>
</testsuite> <!-- TestScripts.DWS_Cart_002 -->
