<?xml version="1.0" encoding="UTF-8"?>
<!-- Generated by org.testng.reporters.JUnitReportReporter -->
<testsuite skipped="0" hostname="DESKTOP-BLK1O3O" name="TestScripts.DWS_Logout_007_Test" tests="1" failures="0" timestamp="2023-12-27T10:36:15 IST" time="1.300" errors="0">
  <testcase name="testcase01" time="1.300" classname="TestScripts.DWS_Logout_007_Test"/>
  <system-out>
Successfully Loggedout  </system-out>
</testsuite> <!-- TestScripts.DWS_Logout_007_Test -->
