<?xml version="1.0" encoding="UTF-8"?>
<!-- Generated by org.testng.reporters.JUnitReportReporter -->
<testsuite skipped="0" hostname="DESKTOP-BLK1O3O" name="TestScripts.DWS_Cart_003_Test" tests="1" failures="0" timestamp="2023-12-27T10:28:17 IST" time="4.842" errors="0">
  <testcase name="test" time="4.842" classname="TestScripts.DWS_Cart_003_Test"/>
  <system-out>
Laptop is entered Clicked on search button Add to cart button is clicked Product is added to cart  </system-out>
</testsuite> <!-- TestScripts.DWS_Cart_003_Test -->
